<?xml version="1.0" encoding="UTF-8"?>
<!-- Generated by org.testng.reporters.JUnitReportReporter -->
<testsuite hostname="DESKTOP-U5B1BD3" failures="0" tests="1" name="com.flow.extendreports" time="0.009" errors="0" timestamp="2023-04-17T11:08:02 IST" skipped="0">
  <testcase classname="com.flow.extendreports" name="report" time="0.009"/>
  <system-out/>
</testsuite> <!-- com.flow.extendreports -->
